 
****************************************
Report : area
Design : controller
Version: I-2013.12
Date   : Fri Dec 15 14:49:47 2017
****************************************

Library(s) Used:

    saed90nm_typ (File: /home/alfred.brian.chua/MP/lib/saed90nm_typ.db)

Number of ports:                           40
Number of nets:                           415
Number of cells:                          352
Number of combinational cells:            290
Number of sequential cells:                54
Number of macros/black boxes:               0
Number of buf/inv:                         55
Number of references:                      39

Combinational area:               4183.142400
Buf/Inv area:                      381.542410
Noncombinational area:            4343.500868
Macro/Black Box area:                0.000000
Net Interconnect area:             554.292372

Total cell area:                  8526.643268
Total area:                       9080.935639
1
